2020-04-13 15:51:51.166  INFO 2116 --- [restartedMain] com.task.odapi.OdapiApplication          : Starting OdapiApplication on ATMECSINLT-305 with PID 2116 (D:\odapi\build\classes\java\main started by geetanjali.rao in D:\odapi)
2020-04-13 15:51:51.244  INFO 2116 --- [restartedMain] com.task.odapi.OdapiApplication          : No active profile set, falling back to default profiles: default
2020-04-13 15:51:51.594  INFO 2116 --- [restartedMain] .e.DevToolsPropertyDefaultsPostProcessor : Devtools property defaults active! Set 'spring.devtools.add-properties' to 'false' to disable
2020-04-13 15:51:51.595  INFO 2116 --- [restartedMain] .e.DevToolsPropertyDefaultsPostProcessor : For additional web related logging consider setting the 'logging.level.web' property to 'DEBUG'
2020-04-13 15:51:57.884  INFO 2116 --- [restartedMain] o.s.b.w.embedded.tomcat.TomcatWebServer  : Tomcat initialized with port(s): 8080 (http)
2020-04-13 15:51:57.930  INFO 2116 --- [restartedMain] o.apache.catalina.core.StandardService   : Starting service [Tomcat]
2020-04-13 15:51:57.931  INFO 2116 --- [restartedMain] org.apache.catalina.core.StandardEngine  : Starting Servlet engine: [Apache Tomcat/9.0.31]
2020-04-13 15:51:58.250  INFO 2116 --- [restartedMain] o.a.c.c.C.[Tomcat].[localhost].[/]       : Initializing Spring embedded WebApplicationContext
2020-04-13 15:51:58.250  INFO 2116 --- [restartedMain] o.s.web.context.ContextLoader            : Root WebApplicationContext: initialization completed in 6653 ms
2020-04-13 15:51:59.976  INFO 2116 --- [restartedMain] o.s.b.a.e.web.EndpointLinksResolver      : Exposing 2 endpoint(s) beneath base path '/actuator'
2020-04-13 15:52:00.375  INFO 2116 --- [restartedMain] pertySourcedRequestMappingHandlerMapping : Mapped URL path [/v2/api-docs] onto method [springfox.documentation.swagger2.web.Swagger2Controller#getDocumentation(String, HttpServletRequest)]
2020-04-13 15:52:00.474  INFO 2116 --- [restartedMain] o.s.s.concurrent.ThreadPoolTaskExecutor  : Initializing ExecutorService 'applicationTaskExecutor'
2020-04-13 15:52:00.826  INFO 2116 --- [restartedMain] o.s.b.d.a.OptionalLiveReloadServer       : LiveReload server is running on port 35729
2020-04-13 15:52:01.220  INFO 2116 --- [restartedMain] d.s.w.p.DocumentationPluginsBootstrapper : Context refreshed
2020-04-13 15:52:01.280  INFO 2116 --- [restartedMain] d.s.w.p.DocumentationPluginsBootstrapper : Found 1 custom documentation plugin(s)
2020-04-13 15:52:01.408  INFO 2116 --- [restartedMain] s.d.s.w.s.ApiListingReferenceScanner     : Scanning for api listing references
2020-04-13 15:52:02.131  INFO 2116 --- [restartedMain] o.s.b.w.embedded.tomcat.TomcatWebServer  : Tomcat started on port(s): 8080 (http) with context path ''
2020-04-13 15:52:02.141  INFO 2116 --- [restartedMain] com.task.odapi.OdapiApplication          : Started OdapiApplication in 12.784 seconds (JVM running for 17.305)
2020-04-13 15:52:02.783  INFO 2116 --- [RMI TCP Connection(1)-192.168.0.103] o.a.c.c.C.[Tomcat].[localhost].[/]       : Initializing Spring DispatcherServlet 'dispatcherServlet'
2020-04-13 15:52:02.784  INFO 2116 --- [RMI TCP Connection(1)-192.168.0.103] o.s.web.servlet.DispatcherServlet        : Initializing Servlet 'dispatcherServlet'
2020-04-13 15:52:02.799  INFO 2116 --- [RMI TCP Connection(1)-192.168.0.103] o.s.web.servlet.DispatcherServlet        : Completed initialization in 15 ms
2020-04-13 16:13:51.655  INFO 16300 --- [restartedMain] com.task.odapi.OdapiApplication          : Starting OdapiApplication on ATMECSINLT-305 with PID 16300 (D:\odapi\build\classes\java\main started by geetanjali.rao in D:\odapi)
2020-04-13 16:13:51.659  INFO 16300 --- [restartedMain] com.task.odapi.OdapiApplication          : No active profile set, falling back to default profiles: default
2020-04-13 16:13:51.761  INFO 16300 --- [restartedMain] .e.DevToolsPropertyDefaultsPostProcessor : Devtools property defaults active! Set 'spring.devtools.add-properties' to 'false' to disable
2020-04-13 16:13:51.761  INFO 16300 --- [restartedMain] .e.DevToolsPropertyDefaultsPostProcessor : For additional web related logging consider setting the 'logging.level.web' property to 'DEBUG'
2020-04-13 16:13:55.671  INFO 16300 --- [restartedMain] o.s.b.w.embedded.tomcat.TomcatWebServer  : Tomcat initialized with port(s): 8080 (http)
2020-04-13 16:13:55.688  INFO 16300 --- [restartedMain] o.apache.catalina.core.StandardService   : Starting service [Tomcat]
2020-04-13 16:13:55.689  INFO 16300 --- [restartedMain] org.apache.catalina.core.StandardEngine  : Starting Servlet engine: [Apache Tomcat/9.0.31]
2020-04-13 16:13:55.926  INFO 16300 --- [restartedMain] o.a.c.c.C.[Tomcat].[localhost].[/]       : Initializing Spring embedded WebApplicationContext
2020-04-13 16:13:55.926  INFO 16300 --- [restartedMain] o.s.web.context.ContextLoader            : Root WebApplicationContext: initialization completed in 4165 ms
2020-04-13 16:13:56.895  INFO 16300 --- [restartedMain] o.s.b.a.e.web.EndpointLinksResolver      : Exposing 2 endpoint(s) beneath base path '/actuator'
2020-04-13 16:13:56.982  INFO 16300 --- [restartedMain] pertySourcedRequestMappingHandlerMapping : Mapped URL path [/v2/api-docs] onto method [springfox.documentation.swagger2.web.Swagger2Controller#getDocumentation(String, HttpServletRequest)]
2020-04-13 16:13:57.055  INFO 16300 --- [restartedMain] o.s.s.concurrent.ThreadPoolTaskExecutor  : Initializing ExecutorService 'applicationTaskExecutor'
2020-04-13 16:13:57.108  INFO 16300 --- [restartedMain] o.s.b.d.a.OptionalLiveReloadServer       : LiveReload server is running on port 35729
2020-04-13 16:13:57.587  INFO 16300 --- [restartedMain] d.s.w.p.DocumentationPluginsBootstrapper : Context refreshed
2020-04-13 16:13:57.613  INFO 16300 --- [restartedMain] d.s.w.p.DocumentationPluginsBootstrapper : Found 1 custom documentation plugin(s)
2020-04-13 16:13:57.665  INFO 16300 --- [restartedMain] s.d.s.w.s.ApiListingReferenceScanner     : Scanning for api listing references
2020-04-13 16:13:57.857  INFO 16300 --- [restartedMain] o.s.b.w.embedded.tomcat.TomcatWebServer  : Tomcat started on port(s): 8080 (http) with context path ''
2020-04-13 16:13:57.861  INFO 16300 --- [restartedMain] com.task.odapi.OdapiApplication          : Started OdapiApplication in 7.078 seconds (JVM running for 9.872)
2020-04-13 16:13:59.797  INFO 16300 --- [RMI TCP Connection(2)-192.168.0.103] o.a.c.c.C.[Tomcat].[localhost].[/]       : Initializing Spring DispatcherServlet 'dispatcherServlet'
2020-04-13 16:13:59.797  INFO 16300 --- [RMI TCP Connection(2)-192.168.0.103] o.s.web.servlet.DispatcherServlet        : Initializing Servlet 'dispatcherServlet'
2020-04-13 16:13:59.813  INFO 16300 --- [RMI TCP Connection(2)-192.168.0.103] o.s.web.servlet.DispatcherServlet        : Completed initialization in 15 ms
2020-04-13 16:22:41.213  INFO 18220 --- [Test worker] com.task.odapi.OdapiApplicationTests     : Starting OdapiApplicationTests on ATMECSINLT-305 with PID 18220 (started by geetanjali.rao in D:\odapi)
2020-04-13 16:22:41.242  INFO 18220 --- [Test worker] com.task.odapi.OdapiApplicationTests     : No active profile set, falling back to default profiles: default
2020-04-13 16:22:46.270  INFO 18220 --- [Test worker] o.s.b.a.e.web.EndpointLinksResolver      : Exposing 2 endpoint(s) beneath base path '/actuator'
2020-04-13 16:22:46.599  INFO 18220 --- [Test worker] pertySourcedRequestMappingHandlerMapping : Mapped URL path [/v2/api-docs] onto method [springfox.documentation.swagger2.web.Swagger2Controller#getDocumentation(String, HttpServletRequest)]
2020-04-13 16:22:47.068  INFO 18220 --- [Test worker] o.s.s.concurrent.ThreadPoolTaskExecutor  : Initializing ExecutorService 'applicationTaskExecutor'
2020-04-13 16:22:47.666  INFO 18220 --- [Test worker] d.s.w.p.DocumentationPluginsBootstrapper : Context refreshed
2020-04-13 16:22:47.716  INFO 18220 --- [Test worker] d.s.w.p.DocumentationPluginsBootstrapper : Found 1 custom documentation plugin(s)
2020-04-13 16:22:47.777  INFO 18220 --- [Test worker] s.d.s.w.s.ApiListingReferenceScanner     : Scanning for api listing references
2020-04-13 16:22:47.985  INFO 18220 --- [Test worker] com.task.odapi.OdapiApplicationTests     : Started OdapiApplicationTests in 7.562 seconds (JVM running for 10.826)
2020-04-13 16:22:48.381  INFO 18220 --- [SpringContextShutdownHook] o.s.s.concurrent.ThreadPoolTaskExecutor  : Shutting down ExecutorService 'applicationTaskExecutor'
2020-04-13 16:31:56.174  INFO 16612 --- [Test worker] com.task.odapi.OdapiApplicationTests     : Starting OdapiApplicationTests on ATMECSINLT-305 with PID 16612 (started by geetanjali.rao in D:\odapi)
2020-04-13 16:31:56.174  INFO 16612 --- [Test worker] com.task.odapi.OdapiApplicationTests     : No active profile set, falling back to default profiles: default
2020-04-13 16:32:00.686  INFO 16612 --- [Test worker] o.s.b.a.e.web.EndpointLinksResolver      : Exposing 2 endpoint(s) beneath base path '/actuator'
2020-04-13 16:32:00.952  INFO 16612 --- [Test worker] pertySourcedRequestMappingHandlerMapping : Mapped URL path [/v2/api-docs] onto method [springfox.documentation.swagger2.web.Swagger2Controller#getDocumentation(String, HttpServletRequest)]
2020-04-13 16:32:01.311  INFO 16612 --- [Test worker] o.s.s.concurrent.ThreadPoolTaskExecutor  : Initializing ExecutorService 'applicationTaskExecutor'
2020-04-13 16:32:01.779  INFO 16612 --- [Test worker] d.s.w.p.DocumentationPluginsBootstrapper : Context refreshed
2020-04-13 16:32:01.826  INFO 16612 --- [Test worker] d.s.w.p.DocumentationPluginsBootstrapper : Found 1 custom documentation plugin(s)
2020-04-13 16:32:01.873  INFO 16612 --- [Test worker] s.d.s.w.s.ApiListingReferenceScanner     : Scanning for api listing references
2020-04-13 16:32:02.029  INFO 16612 --- [Test worker] com.task.odapi.OdapiApplicationTests     : Started OdapiApplicationTests in 6.443 seconds (JVM running for 8.886)
2020-04-13 16:32:02.394  INFO 16612 --- [SpringContextShutdownHook] o.s.s.concurrent.ThreadPoolTaskExecutor  : Shutting down ExecutorService 'applicationTaskExecutor'
2020-04-13 17:02:38.095  INFO 6800 --- [restartedMain] com.task.odapi.OdapiApplication          : Starting OdapiApplication on ATMECSINLT-305 with PID 6800 (D:\odapi\build\classes\java\main started by geetanjali.rao in D:\odapi)
2020-04-13 17:02:38.095  INFO 6800 --- [restartedMain] com.task.odapi.OdapiApplication          : No active profile set, falling back to default profiles: default
2020-04-13 17:02:38.172  INFO 6800 --- [restartedMain] .e.DevToolsPropertyDefaultsPostProcessor : Devtools property defaults active! Set 'spring.devtools.add-properties' to 'false' to disable
2020-04-13 17:02:38.172  INFO 6800 --- [restartedMain] .e.DevToolsPropertyDefaultsPostProcessor : For additional web related logging consider setting the 'logging.level.web' property to 'DEBUG'
2020-04-13 17:02:40.249  INFO 6800 --- [restartedMain] o.s.b.w.embedded.tomcat.TomcatWebServer  : Tomcat initialized with port(s): 8080 (http)
2020-04-13 17:02:40.265  INFO 6800 --- [restartedMain] o.apache.catalina.core.StandardService   : Starting service [Tomcat]
2020-04-13 17:02:40.265  INFO 6800 --- [restartedMain] org.apache.catalina.core.StandardEngine  : Starting Servlet engine: [Apache Tomcat/9.0.31]
2020-04-13 17:02:40.388  INFO 6800 --- [restartedMain] o.a.c.c.C.[Tomcat].[localhost].[/]       : Initializing Spring embedded WebApplicationContext
2020-04-13 17:02:40.388  INFO 6800 --- [restartedMain] o.s.web.context.ContextLoader            : Root WebApplicationContext: initialization completed in 2216 ms
2020-04-13 17:02:41.111  INFO 6800 --- [restartedMain] o.s.b.a.e.web.EndpointLinksResolver      : Exposing 2 endpoint(s) beneath base path '/actuator'
2020-04-13 17:02:41.205  INFO 6800 --- [restartedMain] pertySourcedRequestMappingHandlerMapping : Mapped URL path [/v2/api-docs] onto method [springfox.documentation.swagger2.web.Swagger2Controller#getDocumentation(String, HttpServletRequest)]
2020-04-13 17:02:41.283  INFO 6800 --- [restartedMain] o.s.s.concurrent.ThreadPoolTaskExecutor  : Initializing ExecutorService 'applicationTaskExecutor'
2020-04-13 17:02:41.475  INFO 6800 --- [restartedMain] o.s.b.d.a.OptionalLiveReloadServer       : LiveReload server is running on port 35729
2020-04-13 17:02:41.663  INFO 6800 --- [restartedMain] d.s.w.p.DocumentationPluginsBootstrapper : Context refreshed
2020-04-13 17:02:41.678  INFO 6800 --- [restartedMain] d.s.w.p.DocumentationPluginsBootstrapper : Found 1 custom documentation plugin(s)
2020-04-13 17:02:41.725  INFO 6800 --- [restartedMain] s.d.s.w.s.ApiListingReferenceScanner     : Scanning for api listing references
2020-04-13 17:02:41.866  INFO 6800 --- [restartedMain] o.s.b.w.embedded.tomcat.TomcatWebServer  : Tomcat started on port(s): 8080 (http) with context path ''
2020-04-13 17:02:41.866  INFO 6800 --- [restartedMain] com.task.odapi.OdapiApplication          : Started OdapiApplication in 4.325 seconds (JVM running for 6.757)
2020-04-13 17:02:42.051  INFO 6800 --- [http-nio-8080-exec-1] o.a.c.c.C.[Tomcat].[localhost].[/]       : Initializing Spring DispatcherServlet 'dispatcherServlet'
2020-04-13 17:02:42.051  INFO 6800 --- [http-nio-8080-exec-1] o.s.web.servlet.DispatcherServlet        : Initializing Servlet 'dispatcherServlet'
2020-04-13 17:02:42.058  INFO 6800 --- [http-nio-8080-exec-1] o.s.web.servlet.DispatcherServlet        : Completed initialization in 7 ms
2020-04-13 17:07:34.580  INFO 10788 --- [Test worker] com.task.odapi.OdapiApplicationTests     : Starting OdapiApplicationTests on ATMECSINLT-305 with PID 10788 (started by geetanjali.rao in D:\odapi)
2020-04-13 17:07:34.596  INFO 10788 --- [Test worker] com.task.odapi.OdapiApplicationTests     : No active profile set, falling back to default profiles: default
2020-04-13 17:07:39.722  INFO 10788 --- [Test worker] o.s.b.a.e.web.EndpointLinksResolver      : Exposing 2 endpoint(s) beneath base path '/actuator'
2020-04-13 17:07:40.175  INFO 10788 --- [Test worker] pertySourcedRequestMappingHandlerMapping : Mapped URL path [/v2/api-docs] onto method [springfox.documentation.swagger2.web.Swagger2Controller#getDocumentation(String, HttpServletRequest)]
2020-04-13 17:07:40.838  INFO 10788 --- [Test worker] o.s.s.concurrent.ThreadPoolTaskExecutor  : Initializing ExecutorService 'applicationTaskExecutor'
2020-04-13 17:07:42.856  INFO 10788 --- [Test worker] d.s.w.p.DocumentationPluginsBootstrapper : Context refreshed
2020-04-13 17:07:42.919  INFO 10788 --- [Test worker] d.s.w.p.DocumentationPluginsBootstrapper : Found 1 custom documentation plugin(s)
2020-04-13 17:07:42.950  INFO 10788 --- [Test worker] s.d.s.w.s.ApiListingReferenceScanner     : Scanning for api listing references
2020-04-13 17:07:43.137  INFO 10788 --- [Test worker] com.task.odapi.OdapiApplicationTests     : Started OdapiApplicationTests in 9.312 seconds (JVM running for 12.211)
2020-04-13 17:07:43.618  INFO 10788 --- [SpringContextShutdownHook] o.s.s.concurrent.ThreadPoolTaskExecutor  : Shutting down ExecutorService 'applicationTaskExecutor'
2020-04-13 17:07:55.425  INFO 8224 --- [restartedMain] com.task.odapi.OdapiApplication          : Starting OdapiApplication on ATMECSINLT-305 with PID 8224 (D:\odapi\build\classes\java\main started by geetanjali.rao in D:\odapi)
2020-04-13 17:07:55.425  INFO 8224 --- [restartedMain] com.task.odapi.OdapiApplication          : No active profile set, falling back to default profiles: default
2020-04-13 17:07:55.534  INFO 8224 --- [restartedMain] .e.DevToolsPropertyDefaultsPostProcessor : Devtools property defaults active! Set 'spring.devtools.add-properties' to 'false' to disable
2020-04-13 17:07:55.534  INFO 8224 --- [restartedMain] .e.DevToolsPropertyDefaultsPostProcessor : For additional web related logging consider setting the 'logging.level.web' property to 'DEBUG'
2020-04-13 17:07:58.550  INFO 8224 --- [restartedMain] o.s.b.w.embedded.tomcat.TomcatWebServer  : Tomcat initialized with port(s): 8080 (http)
2020-04-13 17:07:58.564  INFO 8224 --- [restartedMain] o.apache.catalina.core.StandardService   : Starting service [Tomcat]
2020-04-13 17:07:58.565  INFO 8224 --- [restartedMain] org.apache.catalina.core.StandardEngine  : Starting Servlet engine: [Apache Tomcat/9.0.31]
2020-04-13 17:07:58.710  INFO 8224 --- [restartedMain] o.a.c.c.C.[Tomcat].[localhost].[/]       : Initializing Spring embedded WebApplicationContext
2020-04-13 17:07:58.710  INFO 8224 --- [restartedMain] o.s.web.context.ContextLoader            : Root WebApplicationContext: initialization completed in 3176 ms
2020-04-13 17:07:59.494  INFO 8224 --- [restartedMain] o.s.b.a.e.web.EndpointLinksResolver      : Exposing 2 endpoint(s) beneath base path '/actuator'
2020-04-13 17:07:59.659  INFO 8224 --- [restartedMain] pertySourcedRequestMappingHandlerMapping : Mapped URL path [/v2/api-docs] onto method [springfox.documentation.swagger2.web.Swagger2Controller#getDocumentation(String, HttpServletRequest)]
2020-04-13 17:07:59.747  INFO 8224 --- [restartedMain] o.s.s.concurrent.ThreadPoolTaskExecutor  : Initializing ExecutorService 'applicationTaskExecutor'
2020-04-13 17:07:59.966  INFO 8224 --- [restartedMain] o.s.b.d.a.OptionalLiveReloadServer       : LiveReload server is running on port 35729
2020-04-13 17:08:00.432  INFO 8224 --- [restartedMain] d.s.w.p.DocumentationPluginsBootstrapper : Context refreshed
2020-04-13 17:08:00.474  INFO 8224 --- [restartedMain] d.s.w.p.DocumentationPluginsBootstrapper : Found 1 custom documentation plugin(s)
2020-04-13 17:08:00.530  INFO 8224 --- [restartedMain] s.d.s.w.s.ApiListingReferenceScanner     : Scanning for api listing references
2020-04-13 17:08:00.757  INFO 8224 --- [restartedMain] o.s.b.w.embedded.tomcat.TomcatWebServer  : Tomcat started on port(s): 8080 (http) with context path ''
2020-04-13 17:08:00.757  INFO 8224 --- [restartedMain] com.task.odapi.OdapiApplication          : Started OdapiApplication in 5.936 seconds (JVM running for 8.148)
2020-04-13 17:08:01.840  INFO 8224 --- [RMI TCP Connection(5)-192.168.0.103] o.a.c.c.C.[Tomcat].[localhost].[/]       : Initializing Spring DispatcherServlet 'dispatcherServlet'
2020-04-13 17:08:01.841  INFO 8224 --- [RMI TCP Connection(5)-192.168.0.103] o.s.web.servlet.DispatcherServlet        : Initializing Servlet 'dispatcherServlet'
2020-04-13 17:08:01.855  INFO 8224 --- [RMI TCP Connection(5)-192.168.0.103] o.s.web.servlet.DispatcherServlet        : Completed initialization in 14 ms
2020-04-13 17:15:04.451  INFO 13952 --- [restartedMain] com.task.odapi.OdapiApplication          : Starting OdapiApplication on ATMECSINLT-305 with PID 13952 (D:\odapi\build\classes\java\main started by geetanjali.rao in D:\odapi)
2020-04-13 17:15:04.456  INFO 13952 --- [restartedMain] com.task.odapi.OdapiApplication          : No active profile set, falling back to default profiles: default
2020-04-13 17:15:04.549  INFO 13952 --- [restartedMain] .e.DevToolsPropertyDefaultsPostProcessor : Devtools property defaults active! Set 'spring.devtools.add-properties' to 'false' to disable
2020-04-13 17:15:04.550  INFO 13952 --- [restartedMain] .e.DevToolsPropertyDefaultsPostProcessor : For additional web related logging consider setting the 'logging.level.web' property to 'DEBUG'
2020-04-13 17:15:06.983  INFO 13952 --- [restartedMain] o.s.b.w.embedded.tomcat.TomcatWebServer  : Tomcat initialized with port(s): 8080 (http)
2020-04-13 17:15:06.999  INFO 13952 --- [restartedMain] o.apache.catalina.core.StandardService   : Starting service [Tomcat]
2020-04-13 17:15:06.999  INFO 13952 --- [restartedMain] org.apache.catalina.core.StandardEngine  : Starting Servlet engine: [Apache Tomcat/9.0.31]
2020-04-13 17:15:07.174  INFO 13952 --- [restartedMain] o.a.c.c.C.[Tomcat].[localhost].[/]       : Initializing Spring embedded WebApplicationContext
2020-04-13 17:15:07.175  INFO 13952 --- [restartedMain] o.s.web.context.ContextLoader            : Root WebApplicationContext: initialization completed in 2625 ms
2020-04-13 17:15:08.072  INFO 13952 --- [restartedMain] o.s.b.a.e.web.EndpointLinksResolver      : Exposing 2 endpoint(s) beneath base path '/actuator'
2020-04-13 17:15:08.174  INFO 13952 --- [restartedMain] pertySourcedRequestMappingHandlerMapping : Mapped URL path [/v2/api-docs] onto method [springfox.documentation.swagger2.web.Swagger2Controller#getDocumentation(String, HttpServletRequest)]
2020-04-13 17:15:08.279  INFO 13952 --- [restartedMain] o.s.s.concurrent.ThreadPoolTaskExecutor  : Initializing ExecutorService 'applicationTaskExecutor'
2020-04-13 17:15:08.505  INFO 13952 --- [restartedMain] o.s.b.d.a.OptionalLiveReloadServer       : LiveReload server is running on port 35729
2020-04-13 17:15:08.758  INFO 13952 --- [restartedMain] d.s.w.p.DocumentationPluginsBootstrapper : Context refreshed
2020-04-13 17:15:08.785  INFO 13952 --- [restartedMain] d.s.w.p.DocumentationPluginsBootstrapper : Found 1 custom documentation plugin(s)
2020-04-13 17:15:08.823  INFO 13952 --- [restartedMain] s.d.s.w.s.ApiListingReferenceScanner     : Scanning for api listing references
2020-04-13 17:15:08.972  INFO 13952 --- [restartedMain] o.s.b.w.embedded.tomcat.TomcatWebServer  : Tomcat started on port(s): 8080 (http) with context path ''
2020-04-13 17:15:08.975  INFO 13952 --- [restartedMain] com.task.odapi.OdapiApplication          : Started OdapiApplication in 5.221 seconds (JVM running for 6.992)
2020-04-13 17:15:09.063  INFO 13952 --- [http-nio-8080-exec-1] o.a.c.c.C.[Tomcat].[localhost].[/]       : Initializing Spring DispatcherServlet 'dispatcherServlet'
2020-04-13 17:15:09.064  INFO 13952 --- [http-nio-8080-exec-1] o.s.web.servlet.DispatcherServlet        : Initializing Servlet 'dispatcherServlet'
2020-04-13 17:15:09.072  INFO 13952 --- [http-nio-8080-exec-1] o.s.web.servlet.DispatcherServlet        : Completed initialization in 8 ms
2020-04-13 17:17:32.113  INFO 17252 --- [restartedMain] com.task.odapi.OdapiApplication          : Starting OdapiApplication on ATMECSINLT-305 with PID 17252 (D:\odapi\build\classes\java\main started by geetanjali.rao in D:\odapi)
2020-04-13 17:17:32.119  INFO 17252 --- [restartedMain] com.task.odapi.OdapiApplication          : No active profile set, falling back to default profiles: default
2020-04-13 17:17:32.219  INFO 17252 --- [restartedMain] .e.DevToolsPropertyDefaultsPostProcessor : Devtools property defaults active! Set 'spring.devtools.add-properties' to 'false' to disable
2020-04-13 17:17:32.220  INFO 17252 --- [restartedMain] .e.DevToolsPropertyDefaultsPostProcessor : For additional web related logging consider setting the 'logging.level.web' property to 'DEBUG'
2020-04-13 17:17:34.804  INFO 17252 --- [restartedMain] o.s.b.w.embedded.tomcat.TomcatWebServer  : Tomcat initialized with port(s): 8080 (http)
2020-04-13 17:17:34.820  INFO 17252 --- [restartedMain] o.apache.catalina.core.StandardService   : Starting service [Tomcat]
2020-04-13 17:17:34.821  INFO 17252 --- [restartedMain] org.apache.catalina.core.StandardEngine  : Starting Servlet engine: [Apache Tomcat/9.0.31]
2020-04-13 17:17:34.948  INFO 17252 --- [restartedMain] o.a.c.c.C.[Tomcat].[localhost].[/]       : Initializing Spring embedded WebApplicationContext
2020-04-13 17:17:34.949  INFO 17252 --- [restartedMain] o.s.web.context.ContextLoader            : Root WebApplicationContext: initialization completed in 2729 ms
2020-04-13 17:17:35.764  INFO 17252 --- [restartedMain] o.s.b.a.e.web.EndpointLinksResolver      : Exposing 2 endpoint(s) beneath base path '/actuator'
2020-04-13 17:17:35.909  INFO 17252 --- [restartedMain] pertySourcedRequestMappingHandlerMapping : Mapped URL path [/v2/api-docs] onto method [springfox.documentation.swagger2.web.Swagger2Controller#getDocumentation(String, HttpServletRequest)]
2020-04-13 17:17:36.054  INFO 17252 --- [restartedMain] o.s.s.concurrent.ThreadPoolTaskExecutor  : Initializing ExecutorService 'applicationTaskExecutor'
2020-04-13 17:17:36.236  INFO 17252 --- [restartedMain] o.s.b.d.a.OptionalLiveReloadServer       : LiveReload server is running on port 35729
2020-04-13 17:17:36.425  INFO 17252 --- [restartedMain] d.s.w.p.DocumentationPluginsBootstrapper : Context refreshed
2020-04-13 17:17:36.445  INFO 17252 --- [restartedMain] d.s.w.p.DocumentationPluginsBootstrapper : Found 1 custom documentation plugin(s)
2020-04-13 17:17:36.481  INFO 17252 --- [restartedMain] s.d.s.w.s.ApiListingReferenceScanner     : Scanning for api listing references
2020-04-13 17:17:36.603  INFO 17252 --- [restartedMain] o.s.b.w.embedded.tomcat.TomcatWebServer  : Tomcat started on port(s): 8080 (http) with context path ''
2020-04-13 17:17:36.607  INFO 17252 --- [restartedMain] com.task.odapi.OdapiApplication          : Started OdapiApplication in 5.115 seconds (JVM running for 7.015)
2020-04-13 17:17:36.672  INFO 17252 --- [http-nio-8080-exec-1] o.a.c.c.C.[Tomcat].[localhost].[/]       : Initializing Spring DispatcherServlet 'dispatcherServlet'
2020-04-13 17:17:36.672  INFO 17252 --- [http-nio-8080-exec-1] o.s.web.servlet.DispatcherServlet        : Initializing Servlet 'dispatcherServlet'
2020-04-13 17:17:36.681  INFO 17252 --- [http-nio-8080-exec-1] o.s.web.servlet.DispatcherServlet        : Completed initialization in 8 ms
2020-04-13 17:47:55.647  INFO 9412 --- [restartedMain] com.task.odapi.OdapiApplication          : Starting OdapiApplication on ATMECSINLT-305 with PID 9412 (D:\odapi\build\classes\java\main started by geetanjali.rao in D:\odapi)
2020-04-13 17:47:55.656  INFO 9412 --- [restartedMain] com.task.odapi.OdapiApplication          : No active profile set, falling back to default profiles: default
2020-04-13 17:47:55.780  INFO 9412 --- [restartedMain] .e.DevToolsPropertyDefaultsPostProcessor : Devtools property defaults active! Set 'spring.devtools.add-properties' to 'false' to disable
2020-04-13 17:47:55.780  INFO 9412 --- [restartedMain] .e.DevToolsPropertyDefaultsPostProcessor : For additional web related logging consider setting the 'logging.level.web' property to 'DEBUG'
2020-04-13 17:47:59.355  INFO 9412 --- [restartedMain] o.s.b.w.embedded.tomcat.TomcatWebServer  : Tomcat initialized with port(s): 8080 (http)
2020-04-13 17:47:59.371  INFO 9412 --- [restartedMain] o.apache.catalina.core.StandardService   : Starting service [Tomcat]
2020-04-13 17:47:59.372  INFO 9412 --- [restartedMain] org.apache.catalina.core.StandardEngine  : Starting Servlet engine: [Apache Tomcat/9.0.31]
2020-04-13 17:47:59.539  INFO 9412 --- [restartedMain] o.a.c.c.C.[Tomcat].[localhost].[/]       : Initializing Spring embedded WebApplicationContext
2020-04-13 17:47:59.539  INFO 9412 --- [restartedMain] o.s.web.context.ContextLoader            : Root WebApplicationContext: initialization completed in 3758 ms
2020-04-13 17:48:00.601  INFO 9412 --- [restartedMain] o.s.b.a.e.web.EndpointLinksResolver      : Exposing 2 endpoint(s) beneath base path '/actuator'
2020-04-13 17:48:00.706  INFO 9412 --- [restartedMain] pertySourcedRequestMappingHandlerMapping : Mapped URL path [/v2/api-docs] onto method [springfox.documentation.swagger2.web.Swagger2Controller#getDocumentation(String, HttpServletRequest)]
2020-04-13 17:48:00.809  INFO 9412 --- [restartedMain] o.s.s.concurrent.ThreadPoolTaskExecutor  : Initializing ExecutorService 'applicationTaskExecutor'
2020-04-13 17:48:01.052  INFO 9412 --- [restartedMain] o.s.b.d.a.OptionalLiveReloadServer       : LiveReload server is running on port 35729
2020-04-13 17:48:01.331  INFO 9412 --- [restartedMain] d.s.w.p.DocumentationPluginsBootstrapper : Context refreshed
2020-04-13 17:48:01.359  INFO 9412 --- [restartedMain] d.s.w.p.DocumentationPluginsBootstrapper : Found 1 custom documentation plugin(s)
2020-04-13 17:48:01.403  INFO 9412 --- [restartedMain] s.d.s.w.s.ApiListingReferenceScanner     : Scanning for api listing references
2020-04-13 17:48:01.673  INFO 9412 --- [restartedMain] o.s.b.w.embedded.tomcat.TomcatWebServer  : Tomcat started on port(s): 8080 (http) with context path ''
2020-04-13 17:48:01.677  INFO 9412 --- [restartedMain] com.task.odapi.OdapiApplication          : Started OdapiApplication in 6.758 seconds (JVM running for 9.264)
2020-04-13 17:48:02.267  INFO 9412 --- [RMI TCP Connection(1)-192.168.0.103] o.a.c.c.C.[Tomcat].[localhost].[/]       : Initializing Spring DispatcherServlet 'dispatcherServlet'
2020-04-13 17:48:02.267  INFO 9412 --- [RMI TCP Connection(1)-192.168.0.103] o.s.web.servlet.DispatcherServlet        : Initializing Servlet 'dispatcherServlet'
2020-04-13 17:48:02.281  INFO 9412 --- [RMI TCP Connection(1)-192.168.0.103] o.s.web.servlet.DispatcherServlet        : Completed initialization in 13 ms
2020-04-13 18:07:04.917  INFO 12092 --- [restartedMain] com.task.odapi.OdapiApplication          : Starting OdapiApplication on ATMECSINLT-305 with PID 12092 (D:\odapi\build\classes\java\main started by geetanjali.rao in D:\odapi)
2020-04-13 18:07:04.936  INFO 12092 --- [restartedMain] com.task.odapi.OdapiApplication          : No active profile set, falling back to default profiles: default
2020-04-13 18:07:05.033  INFO 12092 --- [restartedMain] .e.DevToolsPropertyDefaultsPostProcessor : Devtools property defaults active! Set 'spring.devtools.add-properties' to 'false' to disable
2020-04-13 18:07:05.033  INFO 12092 --- [restartedMain] .e.DevToolsPropertyDefaultsPostProcessor : For additional web related logging consider setting the 'logging.level.web' property to 'DEBUG'
2020-04-13 18:07:09.560  INFO 12092 --- [restartedMain] o.s.b.w.embedded.tomcat.TomcatWebServer  : Tomcat initialized with port(s): 8080 (http)
2020-04-13 18:07:09.579  INFO 12092 --- [restartedMain] o.apache.catalina.core.StandardService   : Starting service [Tomcat]
2020-04-13 18:07:09.580  INFO 12092 --- [restartedMain] org.apache.catalina.core.StandardEngine  : Starting Servlet engine: [Apache Tomcat/9.0.31]
2020-04-13 18:07:09.848  INFO 12092 --- [restartedMain] o.a.c.c.C.[Tomcat].[localhost].[/]       : Initializing Spring embedded WebApplicationContext
2020-04-13 18:07:09.849  INFO 12092 --- [restartedMain] o.s.web.context.ContextLoader            : Root WebApplicationContext: initialization completed in 4815 ms
2020-04-13 18:07:11.309  INFO 12092 --- [restartedMain] o.s.b.a.e.web.EndpointLinksResolver      : Exposing 2 endpoint(s) beneath base path '/actuator'
2020-04-13 18:07:11.453  INFO 12092 --- [restartedMain] pertySourcedRequestMappingHandlerMapping : Mapped URL path [/v2/api-docs] onto method [springfox.documentation.swagger2.web.Swagger2Controller#getDocumentation(String, HttpServletRequest)]
2020-04-13 18:07:11.579  INFO 12092 --- [restartedMain] o.s.s.concurrent.ThreadPoolTaskExecutor  : Initializing ExecutorService 'applicationTaskExecutor'
2020-04-13 18:07:11.833  INFO 12092 --- [restartedMain] o.s.b.d.a.OptionalLiveReloadServer       : LiveReload server is running on port 35729
2020-04-13 18:07:12.197  INFO 12092 --- [restartedMain] d.s.w.p.DocumentationPluginsBootstrapper : Context refreshed
2020-04-13 18:07:12.234  INFO 12092 --- [restartedMain] d.s.w.p.DocumentationPluginsBootstrapper : Found 1 custom documentation plugin(s)
2020-04-13 18:07:12.294  INFO 12092 --- [restartedMain] s.d.s.w.s.ApiListingReferenceScanner     : Scanning for api listing references
2020-04-13 18:07:12.608  INFO 12092 --- [restartedMain] o.s.b.w.embedded.tomcat.TomcatWebServer  : Tomcat started on port(s): 8080 (http) with context path ''
2020-04-13 18:07:12.615  INFO 12092 --- [restartedMain] com.task.odapi.OdapiApplication          : Started OdapiApplication in 8.465 seconds (JVM running for 11.119)
2020-04-13 18:07:14.491  INFO 12092 --- [RMI TCP Connection(3)-192.168.0.103] o.a.c.c.C.[Tomcat].[localhost].[/]       : Initializing Spring DispatcherServlet 'dispatcherServlet'
2020-04-13 18:07:14.492  INFO 12092 --- [RMI TCP Connection(3)-192.168.0.103] o.s.web.servlet.DispatcherServlet        : Initializing Servlet 'dispatcherServlet'
2020-04-13 18:07:14.512  INFO 12092 --- [RMI TCP Connection(3)-192.168.0.103] o.s.web.servlet.DispatcherServlet        : Completed initialization in 20 ms
2020-04-13 18:12:05.324  INFO 17288 --- [restartedMain] com.task.odapi.OdapiApplication          : Starting OdapiApplication on ATMECSINLT-305 with PID 17288 (D:\odapi\build\classes\java\main started by geetanjali.rao in D:\odapi)
2020-04-13 18:12:05.329  INFO 17288 --- [restartedMain] com.task.odapi.OdapiApplication          : No active profile set, falling back to default profiles: default
2020-04-13 18:12:05.422  INFO 17288 --- [restartedMain] .e.DevToolsPropertyDefaultsPostProcessor : Devtools property defaults active! Set 'spring.devtools.add-properties' to 'false' to disable
2020-04-13 18:12:05.423  INFO 17288 --- [restartedMain] .e.DevToolsPropertyDefaultsPostProcessor : For additional web related logging consider setting the 'logging.level.web' property to 'DEBUG'
2020-04-13 18:12:07.871  INFO 17288 --- [restartedMain] o.s.b.w.embedded.tomcat.TomcatWebServer  : Tomcat initialized with port(s): 8080 (http)
2020-04-13 18:12:07.885  INFO 17288 --- [restartedMain] o.apache.catalina.core.StandardService   : Starting service [Tomcat]
2020-04-13 18:12:07.886  INFO 17288 --- [restartedMain] org.apache.catalina.core.StandardEngine  : Starting Servlet engine: [Apache Tomcat/9.0.31]
2020-04-13 18:12:08.127  INFO 17288 --- [restartedMain] o.a.c.c.C.[Tomcat].[localhost].[/]       : Initializing Spring embedded WebApplicationContext
2020-04-13 18:12:08.128  INFO 17288 --- [restartedMain] o.s.web.context.ContextLoader            : Root WebApplicationContext: initialization completed in 2704 ms
2020-04-13 18:12:08.505  WARN 17288 --- [restartedMain] ConfigServletWebServerApplicationContext : Exception encountered during context initialization - cancelling refresh attempt: org.springframework.beans.factory.UnsatisfiedDependencyException: Error creating bean with name 'ODAPIControllerImpl': Unsatisfied dependency expressed through field 'odapiService'; nested exception is org.springframework.beans.factory.BeanCreationException: Error creating bean with name 'ODAPIServiceImpl' defined in file [D:\odapi\build\classes\java\main\com\task\odapi\service\ODAPIServiceImpl.class]: Instantiation of bean failed; nested exception is org.springframework.beans.BeanInstantiationException: Failed to instantiate [com.task.odapi.service.ODAPIServiceImpl]: Constructor threw exception; nested exception is java.time.format.DateTimeParseException: Text '1/20/2020 1:47:05 PM' could not be parsed at index 0
2020-04-13 18:12:08.511  INFO 17288 --- [restartedMain] o.apache.catalina.core.StandardService   : Stopping service [Tomcat]
2020-04-13 18:12:08.545  INFO 17288 --- [restartedMain] ConditionEvaluationReportLoggingListener : 

Error starting ApplicationContext. To display the conditions report re-run your application with 'debug' enabled.
2020-04-13 18:12:08.568 ERROR 17288 --- [restartedMain] o.s.boot.SpringApplication               : Application run failed

org.springframework.beans.factory.UnsatisfiedDependencyException: Error creating bean with name 'ODAPIControllerImpl': Unsatisfied dependency expressed through field 'odapiService'; nested exception is org.springframework.beans.factory.BeanCreationException: Error creating bean with name 'ODAPIServiceImpl' defined in file [D:\odapi\build\classes\java\main\com\task\odapi\service\ODAPIServiceImpl.class]: Instantiation of bean failed; nested exception is org.springframework.beans.BeanInstantiationException: Failed to instantiate [com.task.odapi.service.ODAPIServiceImpl]: Constructor threw exception; nested exception is java.time.format.DateTimeParseException: Text '1/20/2020 1:47:05 PM' could not be parsed at index 0
	at org.springframework.beans.factory.annotation.AutowiredAnnotationBeanPostProcessor$AutowiredFieldElement.inject(AutowiredAnnotationBeanPostProcessor.java:643) ~[spring-beans-5.2.4.RELEASE.jar:5.2.4.RELEASE]
	at org.springframework.beans.factory.annotation.InjectionMetadata.inject(InjectionMetadata.java:130) ~[spring-beans-5.2.4.RELEASE.jar:5.2.4.RELEASE]
	at org.springframework.beans.factory.annotation.AutowiredAnnotationBeanPostProcessor.postProcessProperties(AutowiredAnnotationBeanPostProcessor.java:399) ~[spring-beans-5.2.4.RELEASE.jar:5.2.4.RELEASE]
	at org.springframework.beans.factory.support.AbstractAutowireCapableBeanFactory.populateBean(AbstractAutowireCapableBeanFactory.java:1422) ~[spring-beans-5.2.4.RELEASE.jar:5.2.4.RELEASE]
	at org.springframework.beans.factory.support.AbstractAutowireCapableBeanFactory.doCreateBean(AbstractAutowireCapableBeanFactory.java:594) ~[spring-beans-5.2.4.RELEASE.jar:5.2.4.RELEASE]
	at org.springframework.beans.factory.support.AbstractAutowireCapableBeanFactory.createBean(AbstractAutowireCapableBeanFactory.java:517) ~[spring-beans-5.2.4.RELEASE.jar:5.2.4.RELEASE]
	at org.springframework.beans.factory.support.AbstractBeanFactory.lambda$doGetBean$0(AbstractBeanFactory.java:323) ~[spring-beans-5.2.4.RELEASE.jar:5.2.4.RELEASE]
	at org.springframework.beans.factory.support.DefaultSingletonBeanRegistry.getSingleton(DefaultSingletonBeanRegistry.java:222) ~[spring-beans-5.2.4.RELEASE.jar:5.2.4.RELEASE]
	at org.springframework.beans.factory.support.AbstractBeanFactory.doGetBean(AbstractBeanFactory.java:321) ~[spring-beans-5.2.4.RELEASE.jar:5.2.4.RELEASE]
	at org.springframework.beans.factory.support.AbstractBeanFactory.getBean(AbstractBeanFactory.java:202) ~[spring-beans-5.2.4.RELEASE.jar:5.2.4.RELEASE]
	at org.springframework.beans.factory.support.DefaultListableBeanFactory.preInstantiateSingletons(DefaultListableBeanFactory.java:879) ~[spring-beans-5.2.4.RELEASE.jar:5.2.4.RELEASE]
	at org.springframework.context.support.AbstractApplicationContext.finishBeanFactoryInitialization(AbstractApplicationContext.java:878) ~[spring-context-5.2.4.RELEASE.jar:5.2.4.RELEASE]
	at org.springframework.context.support.AbstractApplicationContext.refresh(AbstractApplicationContext.java:550) ~[spring-context-5.2.4.RELEASE.jar:5.2.4.RELEASE]
	at org.springframework.boot.web.servlet.context.ServletWebServerApplicationContext.refresh(ServletWebServerApplicationContext.java:141) ~[spring-boot-2.2.5.RELEASE.jar:2.2.5.RELEASE]
	at org.springframework.boot.SpringApplication.refresh(SpringApplication.java:747) [spring-boot-2.2.5.RELEASE.jar:2.2.5.RELEASE]
	at org.springframework.boot.SpringApplication.refreshContext(SpringApplication.java:397) [spring-boot-2.2.5.RELEASE.jar:2.2.5.RELEASE]
	at org.springframework.boot.SpringApplication.run(SpringApplication.java:315) [spring-boot-2.2.5.RELEASE.jar:2.2.5.RELEASE]
	at org.springframework.boot.SpringApplication.run(SpringApplication.java:1226) [spring-boot-2.2.5.RELEASE.jar:2.2.5.RELEASE]
	at org.springframework.boot.SpringApplication.run(SpringApplication.java:1215) [spring-boot-2.2.5.RELEASE.jar:2.2.5.RELEASE]
	at com.task.odapi.OdapiApplication.main(OdapiApplication.java:25) [main/:na]
	at sun.reflect.NativeMethodAccessorImpl.invoke0(Native Method) ~[na:1.8.0_191]
	at sun.reflect.NativeMethodAccessorImpl.invoke(NativeMethodAccessorImpl.java:62) ~[na:1.8.0_191]
	at sun.reflect.DelegatingMethodAccessorImpl.invoke(DelegatingMethodAccessorImpl.java:43) ~[na:1.8.0_191]
	at java.lang.reflect.Method.invoke(Method.java:498) ~[na:1.8.0_191]
	at org.springframework.boot.devtools.restart.RestartLauncher.run(RestartLauncher.java:49) [spring-boot-devtools-2.2.5.RELEASE.jar:2.2.5.RELEASE]
Caused by: org.springframework.beans.factory.BeanCreationException: Error creating bean with name 'ODAPIServiceImpl' defined in file [D:\odapi\build\classes\java\main\com\task\odapi\service\ODAPIServiceImpl.class]: Instantiation of bean failed; nested exception is org.springframework.beans.BeanInstantiationException: Failed to instantiate [com.task.odapi.service.ODAPIServiceImpl]: Constructor threw exception; nested exception is java.time.format.DateTimeParseException: Text '1/20/2020 1:47:05 PM' could not be parsed at index 0
	at org.springframework.beans.factory.support.AbstractAutowireCapableBeanFactory.instantiateBean(AbstractAutowireCapableBeanFactory.java:1320) ~[spring-beans-5.2.4.RELEASE.jar:5.2.4.RELEASE]
	at org.springframework.beans.factory.support.AbstractAutowireCapableBeanFactory.createBeanInstance(AbstractAutowireCapableBeanFactory.java:1214) ~[spring-beans-5.2.4.RELEASE.jar:5.2.4.RELEASE]
	at org.springframework.beans.factory.support.AbstractAutowireCapableBeanFactory.doCreateBean(AbstractAutowireCapableBeanFactory.java:557) ~[spring-beans-5.2.4.RELEASE.jar:5.2.4.RELEASE]
	at org.springframework.beans.factory.support.AbstractAutowireCapableBeanFactory.createBean(AbstractAutowireCapableBeanFactory.java:517) ~[spring-beans-5.2.4.RELEASE.jar:5.2.4.RELEASE]
	at org.springframework.beans.factory.support.AbstractBeanFactory.lambda$doGetBean$0(AbstractBeanFactory.java:323) ~[spring-beans-5.2.4.RELEASE.jar:5.2.4.RELEASE]
	at org.springframework.beans.factory.support.DefaultSingletonBeanRegistry.getSingleton(DefaultSingletonBeanRegistry.java:222) ~[spring-beans-5.2.4.RELEASE.jar:5.2.4.RELEASE]
	at org.springframework.beans.factory.support.AbstractBeanFactory.doGetBean(AbstractBeanFactory.java:321) ~[spring-beans-5.2.4.RELEASE.jar:5.2.4.RELEASE]
	at org.springframework.beans.factory.support.AbstractBeanFactory.getBean(AbstractBeanFactory.java:202) ~[spring-beans-5.2.4.RELEASE.jar:5.2.4.RELEASE]
	at org.springframework.beans.factory.config.DependencyDescriptor.resolveCandidate(DependencyDescriptor.java:276) ~[spring-beans-5.2.4.RELEASE.jar:5.2.4.RELEASE]
	at org.springframework.beans.factory.support.DefaultListableBeanFactory.doResolveDependency(DefaultListableBeanFactory.java:1287) ~[spring-beans-5.2.4.RELEASE.jar:5.2.4.RELEASE]
	at org.springframework.beans.factory.support.DefaultListableBeanFactory.resolveDependency(DefaultListableBeanFactory.java:1207) ~[spring-beans-5.2.4.RELEASE.jar:5.2.4.RELEASE]
	at org.springframework.beans.factory.annotation.AutowiredAnnotationBeanPostProcessor$AutowiredFieldElement.inject(AutowiredAnnotationBeanPostProcessor.java:640) ~[spring-beans-5.2.4.RELEASE.jar:5.2.4.RELEASE]
	... 24 common frames omitted
Caused by: org.springframework.beans.BeanInstantiationException: Failed to instantiate [com.task.odapi.service.ODAPIServiceImpl]: Constructor threw exception; nested exception is java.time.format.DateTimeParseException: Text '1/20/2020 1:47:05 PM' could not be parsed at index 0
	at org.springframework.beans.BeanUtils.instantiateClass(BeanUtils.java:216) ~[spring-beans-5.2.4.RELEASE.jar:5.2.4.RELEASE]
	at org.springframework.beans.factory.support.SimpleInstantiationStrategy.instantiate(SimpleInstantiationStrategy.java:87) ~[spring-beans-5.2.4.RELEASE.jar:5.2.4.RELEASE]
	at org.springframework.beans.factory.support.AbstractAutowireCapableBeanFactory.instantiateBean(AbstractAutowireCapableBeanFactory.java:1312) ~[spring-beans-5.2.4.RELEASE.jar:5.2.4.RELEASE]
	... 35 common frames omitted
Caused by: java.time.format.DateTimeParseException: Text '1/20/2020 1:47:05 PM' could not be parsed at index 0
	at java.time.format.DateTimeFormatter.parseResolved0(DateTimeFormatter.java:1949) ~[na:1.8.0_191]
	at java.time.format.DateTimeFormatter.parse(DateTimeFormatter.java:1777) ~[na:1.8.0_191]
	at com.task.odapi.service.ODAPIServiceImpl.<init>(ODAPIServiceImpl.java:29) ~[main/:na]
	at sun.reflect.NativeConstructorAccessorImpl.newInstance0(Native Method) ~[na:1.8.0_191]
	at sun.reflect.NativeConstructorAccessorImpl.newInstance(NativeConstructorAccessorImpl.java:62) ~[na:1.8.0_191]
	at sun.reflect.DelegatingConstructorAccessorImpl.newInstance(DelegatingConstructorAccessorImpl.java:45) ~[na:1.8.0_191]
	at java.lang.reflect.Constructor.newInstance(Constructor.java:423) ~[na:1.8.0_191]
	at org.springframework.beans.BeanUtils.instantiateClass(BeanUtils.java:203) ~[spring-beans-5.2.4.RELEASE.jar:5.2.4.RELEASE]
	... 37 common frames omitted

2020-04-13 18:14:51.384  INFO 14728 --- [restartedMain] com.task.odapi.OdapiApplication          : Starting OdapiApplication on ATMECSINLT-305 with PID 14728 (D:\odapi\build\classes\java\main started by geetanjali.rao in D:\odapi)
2020-04-13 18:14:51.388  INFO 14728 --- [restartedMain] com.task.odapi.OdapiApplication          : No active profile set, falling back to default profiles: default
2020-04-13 18:14:51.478  INFO 14728 --- [restartedMain] .e.DevToolsPropertyDefaultsPostProcessor : Devtools property defaults active! Set 'spring.devtools.add-properties' to 'false' to disable
2020-04-13 18:14:51.479  INFO 14728 --- [restartedMain] .e.DevToolsPropertyDefaultsPostProcessor : For additional web related logging consider setting the 'logging.level.web' property to 'DEBUG'
2020-04-13 18:14:53.745  INFO 14728 --- [restartedMain] o.s.b.w.embedded.tomcat.TomcatWebServer  : Tomcat initialized with port(s): 8080 (http)
2020-04-13 18:14:53.756  INFO 14728 --- [restartedMain] o.apache.catalina.core.StandardService   : Starting service [Tomcat]
2020-04-13 18:14:53.756  INFO 14728 --- [restartedMain] org.apache.catalina.core.StandardEngine  : Starting Servlet engine: [Apache Tomcat/9.0.31]
2020-04-13 18:14:53.888  INFO 14728 --- [restartedMain] o.a.c.c.C.[Tomcat].[localhost].[/]       : Initializing Spring embedded WebApplicationContext
2020-04-13 18:14:53.888  INFO 14728 --- [restartedMain] o.s.web.context.ContextLoader            : Root WebApplicationContext: initialization completed in 2409 ms
2020-04-13 18:14:54.180  WARN 14728 --- [restartedMain] ConfigServletWebServerApplicationContext : Exception encountered during context initialization - cancelling refresh attempt: org.springframework.beans.factory.UnsatisfiedDependencyException: Error creating bean with name 'ODAPIControllerImpl': Unsatisfied dependency expressed through field 'odapiService'; nested exception is org.springframework.beans.factory.BeanCreationException: Error creating bean with name 'ODAPIServiceImpl' defined in file [D:\odapi\build\classes\java\main\com\task\odapi\service\ODAPIServiceImpl.class]: Instantiation of bean failed; nested exception is org.springframework.beans.BeanInstantiationException: Failed to instantiate [com.task.odapi.service.ODAPIServiceImpl]: Constructor threw exception; nested exception is java.time.format.DateTimeParseException: Text '1/20/2020 1:47:05' could not be parsed at index 0
2020-04-13 18:14:54.185  INFO 14728 --- [restartedMain] o.apache.catalina.core.StandardService   : Stopping service [Tomcat]
2020-04-13 18:14:54.207  INFO 14728 --- [restartedMain] ConditionEvaluationReportLoggingListener : 

Error starting ApplicationContext. To display the conditions report re-run your application with 'debug' enabled.
2020-04-13 18:14:54.219 ERROR 14728 --- [restartedMain] o.s.boot.SpringApplication               : Application run failed

org.springframework.beans.factory.UnsatisfiedDependencyException: Error creating bean with name 'ODAPIControllerImpl': Unsatisfied dependency expressed through field 'odapiService'; nested exception is org.springframework.beans.factory.BeanCreationException: Error creating bean with name 'ODAPIServiceImpl' defined in file [D:\odapi\build\classes\java\main\com\task\odapi\service\ODAPIServiceImpl.class]: Instantiation of bean failed; nested exception is org.springframework.beans.BeanInstantiationException: Failed to instantiate [com.task.odapi.service.ODAPIServiceImpl]: Constructor threw exception; nested exception is java.time.format.DateTimeParseException: Text '1/20/2020 1:47:05' could not be parsed at index 0
	at org.springframework.beans.factory.annotation.AutowiredAnnotationBeanPostProcessor$AutowiredFieldElement.inject(AutowiredAnnotationBeanPostProcessor.java:643) ~[spring-beans-5.2.4.RELEASE.jar:5.2.4.RELEASE]
	at org.springframework.beans.factory.annotation.InjectionMetadata.inject(InjectionMetadata.java:130) ~[spring-beans-5.2.4.RELEASE.jar:5.2.4.RELEASE]
	at org.springframework.beans.factory.annotation.AutowiredAnnotationBeanPostProcessor.postProcessProperties(AutowiredAnnotationBeanPostProcessor.java:399) ~[spring-beans-5.2.4.RELEASE.jar:5.2.4.RELEASE]
	at org.springframework.beans.factory.support.AbstractAutowireCapableBeanFactory.populateBean(AbstractAutowireCapableBeanFactory.java:1422) ~[spring-beans-5.2.4.RELEASE.jar:5.2.4.RELEASE]
	at org.springframework.beans.factory.support.AbstractAutowireCapableBeanFactory.doCreateBean(AbstractAutowireCapableBeanFactory.java:594) ~[spring-beans-5.2.4.RELEASE.jar:5.2.4.RELEASE]
	at org.springframework.beans.factory.support.AbstractAutowireCapableBeanFactory.createBean(AbstractAutowireCapableBeanFactory.java:517) ~[spring-beans-5.2.4.RELEASE.jar:5.2.4.RELEASE]
	at org.springframework.beans.factory.support.AbstractBeanFactory.lambda$doGetBean$0(AbstractBeanFactory.java:323) ~[spring-beans-5.2.4.RELEASE.jar:5.2.4.RELEASE]
	at org.springframework.beans.factory.support.DefaultSingletonBeanRegistry.getSingleton(DefaultSingletonBeanRegistry.java:222) ~[spring-beans-5.2.4.RELEASE.jar:5.2.4.RELEASE]
	at org.springframework.beans.factory.support.AbstractBeanFactory.doGetBean(AbstractBeanFactory.java:321) ~[spring-beans-5.2.4.RELEASE.jar:5.2.4.RELEASE]
	at org.springframework.beans.factory.support.AbstractBeanFactory.getBean(AbstractBeanFactory.java:202) ~[spring-beans-5.2.4.RELEASE.jar:5.2.4.RELEASE]
	at org.springframework.beans.factory.support.DefaultListableBeanFactory.preInstantiateSingletons(DefaultListableBeanFactory.java:879) ~[spring-beans-5.2.4.RELEASE.jar:5.2.4.RELEASE]
	at org.springframework.context.support.AbstractApplicationContext.finishBeanFactoryInitialization(AbstractApplicationContext.java:878) ~[spring-context-5.2.4.RELEASE.jar:5.2.4.RELEASE]
	at org.springframework.context.support.AbstractApplicationContext.refresh(AbstractApplicationContext.java:550) ~[spring-context-5.2.4.RELEASE.jar:5.2.4.RELEASE]
	at org.springframework.boot.web.servlet.context.ServletWebServerApplicationContext.refresh(ServletWebServerApplicationContext.java:141) ~[spring-boot-2.2.5.RELEASE.jar:2.2.5.RELEASE]
	at org.springframework.boot.SpringApplication.refresh(SpringApplication.java:747) [spring-boot-2.2.5.RELEASE.jar:2.2.5.RELEASE]
	at org.springframework.boot.SpringApplication.refreshContext(SpringApplication.java:397) [spring-boot-2.2.5.RELEASE.jar:2.2.5.RELEASE]
	at org.springframework.boot.SpringApplication.run(SpringApplication.java:315) [spring-boot-2.2.5.RELEASE.jar:2.2.5.RELEASE]
	at org.springframework.boot.SpringApplication.run(SpringApplication.java:1226) [spring-boot-2.2.5.RELEASE.jar:2.2.5.RELEASE]
	at org.springframework.boot.SpringApplication.run(SpringApplication.java:1215) [spring-boot-2.2.5.RELEASE.jar:2.2.5.RELEASE]
	at com.task.odapi.OdapiApplication.main(OdapiApplication.java:25) [main/:na]
	at sun.reflect.NativeMethodAccessorImpl.invoke0(Native Method) ~[na:1.8.0_191]
	at sun.reflect.NativeMethodAccessorImpl.invoke(NativeMethodAccessorImpl.java:62) ~[na:1.8.0_191]
	at sun.reflect.DelegatingMethodAccessorImpl.invoke(DelegatingMethodAccessorImpl.java:43) ~[na:1.8.0_191]
	at java.lang.reflect.Method.invoke(Method.java:498) ~[na:1.8.0_191]
	at org.springframework.boot.devtools.restart.RestartLauncher.run(RestartLauncher.java:49) [spring-boot-devtools-2.2.5.RELEASE.jar:2.2.5.RELEASE]
Caused by: org.springframework.beans.factory.BeanCreationException: Error creating bean with name 'ODAPIServiceImpl' defined in file [D:\odapi\build\classes\java\main\com\task\odapi\service\ODAPIServiceImpl.class]: Instantiation of bean failed; nested exception is org.springframework.beans.BeanInstantiationException: Failed to instantiate [com.task.odapi.service.ODAPIServiceImpl]: Constructor threw exception; nested exception is java.time.format.DateTimeParseException: Text '1/20/2020 1:47:05' could not be parsed at index 0
	at org.springframework.beans.factory.support.AbstractAutowireCapableBeanFactory.instantiateBean(AbstractAutowireCapableBeanFactory.java:1320) ~[spring-beans-5.2.4.RELEASE.jar:5.2.4.RELEASE]
	at org.springframework.beans.factory.support.AbstractAutowireCapableBeanFactory.createBeanInstance(AbstractAutowireCapableBeanFactory.java:1214) ~[spring-beans-5.2.4.RELEASE.jar:5.2.4.RELEASE]
	at org.springframework.beans.factory.support.AbstractAutowireCapableBeanFactory.doCreateBean(AbstractAutowireCapableBeanFactory.java:557) ~[spring-beans-5.2.4.RELEASE.jar:5.2.4.RELEASE]
	at org.springframework.beans.factory.support.AbstractAutowireCapableBeanFactory.createBean(AbstractAutowireCapableBeanFactory.java:517) ~[spring-beans-5.2.4.RELEASE.jar:5.2.4.RELEASE]
	at org.springframework.beans.factory.support.AbstractBeanFactory.lambda$doGetBean$0(AbstractBeanFactory.java:323) ~[spring-beans-5.2.4.RELEASE.jar:5.2.4.RELEASE]
	at org.springframework.beans.factory.support.DefaultSingletonBeanRegistry.getSingleton(DefaultSingletonBeanRegistry.java:222) ~[spring-beans-5.2.4.RELEASE.jar:5.2.4.RELEASE]
	at org.springframework.beans.factory.support.AbstractBeanFactory.doGetBean(AbstractBeanFactory.java:321) ~[spring-beans-5.2.4.RELEASE.jar:5.2.4.RELEASE]
	at org.springframework.beans.factory.support.AbstractBeanFactory.getBean(AbstractBeanFactory.java:202) ~[spring-beans-5.2.4.RELEASE.jar:5.2.4.RELEASE]
	at org.springframework.beans.factory.config.DependencyDescriptor.resolveCandidate(DependencyDescriptor.java:276) ~[spring-beans-5.2.4.RELEASE.jar:5.2.4.RELEASE]
	at org.springframework.beans.factory.support.DefaultListableBeanFactory.doResolveDependency(DefaultListableBeanFactory.java:1287) ~[spring-beans-5.2.4.RELEASE.jar:5.2.4.RELEASE]
	at org.springframework.beans.factory.support.DefaultListableBeanFactory.resolveDependency(DefaultListableBeanFactory.java:1207) ~[spring-beans-5.2.4.RELEASE.jar:5.2.4.RELEASE]
	at org.springframework.beans.factory.annotation.AutowiredAnnotationBeanPostProcessor$AutowiredFieldElement.inject(AutowiredAnnotationBeanPostProcessor.java:640) ~[spring-beans-5.2.4.RELEASE.jar:5.2.4.RELEASE]
	... 24 common frames omitted
Caused by: org.springframework.beans.BeanInstantiationException: Failed to instantiate [com.task.odapi.service.ODAPIServiceImpl]: Constructor threw exception; nested exception is java.time.format.DateTimeParseException: Text '1/20/2020 1:47:05' could not be parsed at index 0
	at org.springframework.beans.BeanUtils.instantiateClass(BeanUtils.java:216) ~[spring-beans-5.2.4.RELEASE.jar:5.2.4.RELEASE]
	at org.springframework.beans.factory.support.SimpleInstantiationStrategy.instantiate(SimpleInstantiationStrategy.java:87) ~[spring-beans-5.2.4.RELEASE.jar:5.2.4.RELEASE]
	at org.springframework.beans.factory.support.AbstractAutowireCapableBeanFactory.instantiateBean(AbstractAutowireCapableBeanFactory.java:1312) ~[spring-beans-5.2.4.RELEASE.jar:5.2.4.RELEASE]
	... 35 common frames omitted
Caused by: java.time.format.DateTimeParseException: Text '1/20/2020 1:47:05' could not be parsed at index 0
	at java.time.format.DateTimeFormatter.parseResolved0(DateTimeFormatter.java:1949) ~[na:1.8.0_191]
	at java.time.format.DateTimeFormatter.parse(DateTimeFormatter.java:1777) ~[na:1.8.0_191]
	at com.task.odapi.service.ODAPIServiceImpl.<init>(ODAPIServiceImpl.java:30) ~[main/:na]
	at sun.reflect.NativeConstructorAccessorImpl.newInstance0(Native Method) ~[na:1.8.0_191]
	at sun.reflect.NativeConstructorAccessorImpl.newInstance(NativeConstructorAccessorImpl.java:62) ~[na:1.8.0_191]
	at sun.reflect.DelegatingConstructorAccessorImpl.newInstance(DelegatingConstructorAccessorImpl.java:45) ~[na:1.8.0_191]
	at java.lang.reflect.Constructor.newInstance(Constructor.java:423) ~[na:1.8.0_191]
	at org.springframework.beans.BeanUtils.instantiateClass(BeanUtils.java:203) ~[spring-beans-5.2.4.RELEASE.jar:5.2.4.RELEASE]
	... 37 common frames omitted

2020-04-13 18:21:28.290  INFO 17604 --- [restartedMain] com.task.odapi.OdapiApplication          : Starting OdapiApplication on ATMECSINLT-305 with PID 17604 (D:\odapi\build\classes\java\main started by geetanjali.rao in D:\odapi)
2020-04-13 18:21:28.296  INFO 17604 --- [restartedMain] com.task.odapi.OdapiApplication          : No active profile set, falling back to default profiles: default
2020-04-13 18:21:28.387  INFO 17604 --- [restartedMain] .e.DevToolsPropertyDefaultsPostProcessor : Devtools property defaults active! Set 'spring.devtools.add-properties' to 'false' to disable
2020-04-13 18:21:28.388  INFO 17604 --- [restartedMain] .e.DevToolsPropertyDefaultsPostProcessor : For additional web related logging consider setting the 'logging.level.web' property to 'DEBUG'
2020-04-13 18:21:32.605  INFO 17604 --- [restartedMain] o.s.b.w.embedded.tomcat.TomcatWebServer  : Tomcat initialized with port(s): 8080 (http)
2020-04-13 18:21:32.637  INFO 17604 --- [restartedMain] o.apache.catalina.core.StandardService   : Starting service [Tomcat]
2020-04-13 18:21:32.638  INFO 17604 --- [restartedMain] org.apache.catalina.core.StandardEngine  : Starting Servlet engine: [Apache Tomcat/9.0.31]
2020-04-13 18:21:33.005  INFO 17604 --- [restartedMain] o.a.c.c.C.[Tomcat].[localhost].[/]       : Initializing Spring embedded WebApplicationContext
2020-04-13 18:21:33.007  INFO 17604 --- [restartedMain] o.s.web.context.ContextLoader            : Root WebApplicationContext: initialization completed in 4619 ms
2020-04-13 18:21:34.324  INFO 17604 --- [restartedMain] o.s.b.a.e.web.EndpointLinksResolver      : Exposing 2 endpoint(s) beneath base path '/actuator'
2020-04-13 18:21:34.436  INFO 17604 --- [restartedMain] pertySourcedRequestMappingHandlerMapping : Mapped URL path [/v2/api-docs] onto method [springfox.documentation.swagger2.web.Swagger2Controller#getDocumentation(String, HttpServletRequest)]
2020-04-13 18:21:34.556  INFO 17604 --- [restartedMain] o.s.s.concurrent.ThreadPoolTaskExecutor  : Initializing ExecutorService 'applicationTaskExecutor'
2020-04-13 18:21:34.784  INFO 17604 --- [restartedMain] o.s.b.d.a.OptionalLiveReloadServer       : LiveReload server is running on port 35729
2020-04-13 18:21:35.082  INFO 17604 --- [restartedMain] d.s.w.p.DocumentationPluginsBootstrapper : Context refreshed
2020-04-13 18:21:35.121  INFO 17604 --- [restartedMain] d.s.w.p.DocumentationPluginsBootstrapper : Found 1 custom documentation plugin(s)
2020-04-13 18:21:35.222  INFO 17604 --- [restartedMain] s.d.s.w.s.ApiListingReferenceScanner     : Scanning for api listing references
2020-04-13 18:21:35.561  INFO 17604 --- [restartedMain] o.s.b.w.embedded.tomcat.TomcatWebServer  : Tomcat started on port(s): 8080 (http) with context path ''
2020-04-13 18:21:35.566  INFO 17604 --- [restartedMain] com.task.odapi.OdapiApplication          : Started OdapiApplication in 8.004 seconds (JVM running for 9.822)
2020-04-13 18:21:37.190  INFO 17604 --- [RMI TCP Connection(3)-192.168.0.103] o.a.c.c.C.[Tomcat].[localhost].[/]       : Initializing Spring DispatcherServlet 'dispatcherServlet'
2020-04-13 18:21:37.190  INFO 17604 --- [RMI TCP Connection(3)-192.168.0.103] o.s.web.servlet.DispatcherServlet        : Initializing Servlet 'dispatcherServlet'
2020-04-13 18:21:37.208  INFO 17604 --- [RMI TCP Connection(3)-192.168.0.103] o.s.web.servlet.DispatcherServlet        : Completed initialization in 17 ms
2020-04-13 18:22:38.884  INFO 13888 --- [restartedMain] com.task.odapi.OdapiApplication          : Starting OdapiApplication on ATMECSINLT-305 with PID 13888 (D:\odapi\build\classes\java\main started by geetanjali.rao in D:\odapi)
2020-04-13 18:22:38.888  INFO 13888 --- [restartedMain] com.task.odapi.OdapiApplication          : No active profile set, falling back to default profiles: default
2020-04-13 18:22:38.967  INFO 13888 --- [restartedMain] .e.DevToolsPropertyDefaultsPostProcessor : Devtools property defaults active! Set 'spring.devtools.add-properties' to 'false' to disable
2020-04-13 18:22:38.968  INFO 13888 --- [restartedMain] .e.DevToolsPropertyDefaultsPostProcessor : For additional web related logging consider setting the 'logging.level.web' property to 'DEBUG'
2020-04-13 18:22:41.165  INFO 13888 --- [restartedMain] o.s.b.w.embedded.tomcat.TomcatWebServer  : Tomcat initialized with port(s): 8080 (http)
2020-04-13 18:22:41.176  INFO 13888 --- [restartedMain] o.apache.catalina.core.StandardService   : Starting service [Tomcat]
2020-04-13 18:22:41.177  INFO 13888 --- [restartedMain] org.apache.catalina.core.StandardEngine  : Starting Servlet engine: [Apache Tomcat/9.0.31]
2020-04-13 18:22:41.292  INFO 13888 --- [restartedMain] o.a.c.c.C.[Tomcat].[localhost].[/]       : Initializing Spring embedded WebApplicationContext
2020-04-13 18:22:41.292  INFO 13888 --- [restartedMain] o.s.web.context.ContextLoader            : Root WebApplicationContext: initialization completed in 2324 ms
2020-04-13 18:22:42.019  INFO 13888 --- [restartedMain] o.s.b.a.e.web.EndpointLinksResolver      : Exposing 2 endpoint(s) beneath base path '/actuator'
2020-04-13 18:22:42.104  INFO 13888 --- [restartedMain] pertySourcedRequestMappingHandlerMapping : Mapped URL path [/v2/api-docs] onto method [springfox.documentation.swagger2.web.Swagger2Controller#getDocumentation(String, HttpServletRequest)]
2020-04-13 18:22:42.176  INFO 13888 --- [restartedMain] o.s.s.concurrent.ThreadPoolTaskExecutor  : Initializing ExecutorService 'applicationTaskExecutor'
2020-04-13 18:22:42.360  INFO 13888 --- [restartedMain] o.s.b.d.a.OptionalLiveReloadServer       : LiveReload server is running on port 35729
2020-04-13 18:22:42.573  INFO 13888 --- [restartedMain] d.s.w.p.DocumentationPluginsBootstrapper : Context refreshed
2020-04-13 18:22:42.605  INFO 13888 --- [restartedMain] d.s.w.p.DocumentationPluginsBootstrapper : Found 1 custom documentation plugin(s)
2020-04-13 18:22:42.645  INFO 13888 --- [restartedMain] s.d.s.w.s.ApiListingReferenceScanner     : Scanning for api listing references
2020-04-13 18:22:42.820  INFO 13888 --- [restartedMain] o.s.b.w.embedded.tomcat.TomcatWebServer  : Tomcat started on port(s): 8080 (http) with context path ''
2020-04-13 18:22:42.824  INFO 13888 --- [restartedMain] com.task.odapi.OdapiApplication          : Started OdapiApplication in 4.565 seconds (JVM running for 6.036)
2020-04-13 18:22:43.951  INFO 13888 --- [RMI TCP Connection(3)-192.168.0.103] o.a.c.c.C.[Tomcat].[localhost].[/]       : Initializing Spring DispatcherServlet 'dispatcherServlet'
2020-04-13 18:22:43.951  INFO 13888 --- [RMI TCP Connection(3)-192.168.0.103] o.s.web.servlet.DispatcherServlet        : Initializing Servlet 'dispatcherServlet'
2020-04-13 18:22:43.961  INFO 13888 --- [RMI TCP Connection(3)-192.168.0.103] o.s.web.servlet.DispatcherServlet        : Completed initialization in 10 ms
2020-04-13 18:24:20.812  INFO 9696 --- [restartedMain] com.task.odapi.OdapiApplication          : Starting OdapiApplication on ATMECSINLT-305 with PID 9696 (D:\odapi\build\classes\java\main started by geetanjali.rao in D:\odapi)
2020-04-13 18:24:20.817  INFO 9696 --- [restartedMain] com.task.odapi.OdapiApplication          : No active profile set, falling back to default profiles: default
2020-04-13 18:24:20.896  INFO 9696 --- [restartedMain] .e.DevToolsPropertyDefaultsPostProcessor : Devtools property defaults active! Set 'spring.devtools.add-properties' to 'false' to disable
2020-04-13 18:24:20.897  INFO 9696 --- [restartedMain] .e.DevToolsPropertyDefaultsPostProcessor : For additional web related logging consider setting the 'logging.level.web' property to 'DEBUG'
2020-04-13 18:24:23.103  INFO 9696 --- [restartedMain] o.s.b.w.embedded.tomcat.TomcatWebServer  : Tomcat initialized with port(s): 8080 (http)
2020-04-13 18:24:23.117  INFO 9696 --- [restartedMain] o.apache.catalina.core.StandardService   : Starting service [Tomcat]
2020-04-13 18:24:23.117  INFO 9696 --- [restartedMain] org.apache.catalina.core.StandardEngine  : Starting Servlet engine: [Apache Tomcat/9.0.31]
2020-04-13 18:24:23.247  INFO 9696 --- [restartedMain] o.a.c.c.C.[Tomcat].[localhost].[/]       : Initializing Spring embedded WebApplicationContext
2020-04-13 18:24:23.247  INFO 9696 --- [restartedMain] o.s.web.context.ContextLoader            : Root WebApplicationContext: initialization completed in 2350 ms
2020-04-13 18:24:23.965  INFO 9696 --- [restartedMain] o.s.b.a.e.web.EndpointLinksResolver      : Exposing 2 endpoint(s) beneath base path '/actuator'
2020-04-13 18:24:24.062  INFO 9696 --- [restartedMain] pertySourcedRequestMappingHandlerMapping : Mapped URL path [/v2/api-docs] onto method [springfox.documentation.swagger2.web.Swagger2Controller#getDocumentation(String, HttpServletRequest)]
2020-04-13 18:24:24.142  INFO 9696 --- [restartedMain] o.s.s.concurrent.ThreadPoolTaskExecutor  : Initializing ExecutorService 'applicationTaskExecutor'
2020-04-13 18:24:24.334  INFO 9696 --- [restartedMain] o.s.b.d.a.OptionalLiveReloadServer       : LiveReload server is running on port 35729
2020-04-13 18:24:24.571  INFO 9696 --- [restartedMain] d.s.w.p.DocumentationPluginsBootstrapper : Context refreshed
2020-04-13 18:24:24.602  INFO 9696 --- [restartedMain] d.s.w.p.DocumentationPluginsBootstrapper : Found 1 custom documentation plugin(s)
2020-04-13 18:24:24.657  INFO 9696 --- [restartedMain] s.d.s.w.s.ApiListingReferenceScanner     : Scanning for api listing references
2020-04-13 18:24:24.912  INFO 9696 --- [restartedMain] o.s.b.w.embedded.tomcat.TomcatWebServer  : Tomcat started on port(s): 8080 (http) with context path ''
2020-04-13 18:24:24.917  INFO 9696 --- [restartedMain] com.task.odapi.OdapiApplication          : Started OdapiApplication in 4.7 seconds (JVM running for 6.17)
2020-04-13 18:24:25.124  INFO 9696 --- [RMI TCP Connection(1)-192.168.0.103] o.a.c.c.C.[Tomcat].[localhost].[/]       : Initializing Spring DispatcherServlet 'dispatcherServlet'
2020-04-13 18:24:25.124  INFO 9696 --- [RMI TCP Connection(1)-192.168.0.103] o.s.web.servlet.DispatcherServlet        : Initializing Servlet 'dispatcherServlet'
2020-04-13 18:24:25.134  INFO 9696 --- [RMI TCP Connection(1)-192.168.0.103] o.s.web.servlet.DispatcherServlet        : Completed initialization in 10 ms
2020-04-13 18:39:46.222  INFO 5432 --- [restartedMain] com.task.odapi.OdapiApplication          : Starting OdapiApplication on ATMECSINLT-305 with PID 5432 (D:\odapi\build\classes\java\main started by geetanjali.rao in D:\odapi)
2020-04-13 18:39:46.227  INFO 5432 --- [restartedMain] com.task.odapi.OdapiApplication          : No active profile set, falling back to default profiles: default
2020-04-13 18:39:46.357  INFO 5432 --- [restartedMain] .e.DevToolsPropertyDefaultsPostProcessor : Devtools property defaults active! Set 'spring.devtools.add-properties' to 'false' to disable
2020-04-13 18:39:46.358  INFO 5432 --- [restartedMain] .e.DevToolsPropertyDefaultsPostProcessor : For additional web related logging consider setting the 'logging.level.web' property to 'DEBUG'
2020-04-13 18:39:49.230  INFO 5432 --- [restartedMain] o.s.b.w.embedded.tomcat.TomcatWebServer  : Tomcat initialized with port(s): 8080 (http)
2020-04-13 18:39:49.247  INFO 5432 --- [restartedMain] o.apache.catalina.core.StandardService   : Starting service [Tomcat]
2020-04-13 18:39:49.248  INFO 5432 --- [restartedMain] org.apache.catalina.core.StandardEngine  : Starting Servlet engine: [Apache Tomcat/9.0.31]
2020-04-13 18:39:49.412  INFO 5432 --- [restartedMain] o.a.c.c.C.[Tomcat].[localhost].[/]       : Initializing Spring embedded WebApplicationContext
2020-04-13 18:39:49.412  INFO 5432 --- [restartedMain] o.s.web.context.ContextLoader            : Root WebApplicationContext: initialization completed in 3053 ms
2020-04-13 18:39:50.288  INFO 5432 --- [restartedMain] o.s.b.a.e.web.EndpointLinksResolver      : Exposing 2 endpoint(s) beneath base path '/actuator'
2020-04-13 18:39:50.408  INFO 5432 --- [restartedMain] pertySourcedRequestMappingHandlerMapping : Mapped URL path [/v2/api-docs] onto method [springfox.documentation.swagger2.web.Swagger2Controller#getDocumentation(String, HttpServletRequest)]
2020-04-13 18:39:50.505  INFO 5432 --- [restartedMain] o.s.s.concurrent.ThreadPoolTaskExecutor  : Initializing ExecutorService 'applicationTaskExecutor'
2020-04-13 18:39:50.715  INFO 5432 --- [restartedMain] o.s.b.d.a.OptionalLiveReloadServer       : LiveReload server is running on port 35729
2020-04-13 18:39:50.949  INFO 5432 --- [restartedMain] d.s.w.p.DocumentationPluginsBootstrapper : Context refreshed
2020-04-13 18:39:50.967  INFO 5432 --- [restartedMain] d.s.w.p.DocumentationPluginsBootstrapper : Found 1 custom documentation plugin(s)
2020-04-13 18:39:51.005  INFO 5432 --- [restartedMain] s.d.s.w.s.ApiListingReferenceScanner     : Scanning for api listing references
2020-04-13 18:39:51.219  INFO 5432 --- [restartedMain] o.s.b.w.embedded.tomcat.TomcatWebServer  : Tomcat started on port(s): 8080 (http) with context path ''
2020-04-13 18:39:51.229  INFO 5432 --- [restartedMain] com.task.odapi.OdapiApplication          : Started OdapiApplication in 5.862 seconds (JVM running for 8.561)
2020-04-13 18:39:51.288  INFO 5432 --- [http-nio-8080-exec-1] o.a.c.c.C.[Tomcat].[localhost].[/]       : Initializing Spring DispatcherServlet 'dispatcherServlet'
2020-04-13 18:39:51.288  INFO 5432 --- [http-nio-8080-exec-1] o.s.web.servlet.DispatcherServlet        : Initializing Servlet 'dispatcherServlet'
2020-04-13 18:39:51.295  INFO 5432 --- [http-nio-8080-exec-1] o.s.web.servlet.DispatcherServlet        : Completed initialization in 7 ms
2020-04-13 18:51:52.975  INFO 1720 --- [restartedMain] com.task.odapi.OdapiApplication          : Starting OdapiApplication on ATMECSINLT-305 with PID 1720 (D:\odapi\build\classes\java\main started by geetanjali.rao in D:\odapi)
2020-04-13 18:51:52.979  INFO 1720 --- [restartedMain] com.task.odapi.OdapiApplication          : No active profile set, falling back to default profiles: default
2020-04-13 18:51:53.062  INFO 1720 --- [restartedMain] .e.DevToolsPropertyDefaultsPostProcessor : Devtools property defaults active! Set 'spring.devtools.add-properties' to 'false' to disable
2020-04-13 18:51:53.063  INFO 1720 --- [restartedMain] .e.DevToolsPropertyDefaultsPostProcessor : For additional web related logging consider setting the 'logging.level.web' property to 'DEBUG'
2020-04-13 18:51:55.467  INFO 1720 --- [restartedMain] o.s.b.w.embedded.tomcat.TomcatWebServer  : Tomcat initialized with port(s): 8080 (http)
2020-04-13 18:51:55.481  INFO 1720 --- [restartedMain] o.apache.catalina.core.StandardService   : Starting service [Tomcat]
2020-04-13 18:51:55.481  INFO 1720 --- [restartedMain] org.apache.catalina.core.StandardEngine  : Starting Servlet engine: [Apache Tomcat/9.0.31]
2020-04-13 18:51:55.602  INFO 1720 --- [restartedMain] o.a.c.c.C.[Tomcat].[localhost].[/]       : Initializing Spring embedded WebApplicationContext
2020-04-13 18:51:55.602  INFO 1720 --- [restartedMain] o.s.web.context.ContextLoader            : Root WebApplicationContext: initialization completed in 2539 ms
2020-04-13 18:51:56.479  INFO 1720 --- [restartedMain] o.s.b.a.e.web.EndpointLinksResolver      : Exposing 2 endpoint(s) beneath base path '/actuator'
2020-04-13 18:51:56.575  INFO 1720 --- [restartedMain] pertySourcedRequestMappingHandlerMapping : Mapped URL path [/v2/api-docs] onto method [springfox.documentation.swagger2.web.Swagger2Controller#getDocumentation(String, HttpServletRequest)]
2020-04-13 18:51:56.662  INFO 1720 --- [restartedMain] o.s.s.concurrent.ThreadPoolTaskExecutor  : Initializing ExecutorService 'applicationTaskExecutor'
2020-04-13 18:51:56.719  INFO 1720 --- [restartedMain] o.s.b.d.a.OptionalLiveReloadServer       : LiveReload server is running on port 35729
2020-04-13 18:51:57.068  INFO 1720 --- [restartedMain] d.s.w.p.DocumentationPluginsBootstrapper : Context refreshed
2020-04-13 18:51:57.092  INFO 1720 --- [restartedMain] d.s.w.p.DocumentationPluginsBootstrapper : Found 1 custom documentation plugin(s)
2020-04-13 18:51:57.136  INFO 1720 --- [restartedMain] s.d.s.w.s.ApiListingReferenceScanner     : Scanning for api listing references
2020-04-13 18:51:57.355  INFO 1720 --- [restartedMain] o.s.b.w.embedded.tomcat.TomcatWebServer  : Tomcat started on port(s): 8080 (http) with context path ''
2020-04-13 18:51:57.358  INFO 1720 --- [restartedMain] com.task.odapi.OdapiApplication          : Started OdapiApplication in 5.008 seconds (JVM running for 6.619)
2020-04-13 18:51:58.122  INFO 1720 --- [RMI TCP Connection(2)-192.168.0.103] o.a.c.c.C.[Tomcat].[localhost].[/]       : Initializing Spring DispatcherServlet 'dispatcherServlet'
2020-04-13 18:51:58.122  INFO 1720 --- [RMI TCP Connection(2)-192.168.0.103] o.s.web.servlet.DispatcherServlet        : Initializing Servlet 'dispatcherServlet'
2020-04-13 18:51:58.132  INFO 1720 --- [RMI TCP Connection(2)-192.168.0.103] o.s.web.servlet.DispatcherServlet        : Completed initialization in 10 ms
2020-04-13 19:09:28.361  INFO 9844 --- [restartedMain] com.task.odapi.OdapiApplication          : Starting OdapiApplication on ATMECSINLT-305 with PID 9844 (D:\odapi\build\classes\java\main started by geetanjali.rao in D:\odapi)
2020-04-13 19:09:28.377  INFO 9844 --- [restartedMain] com.task.odapi.OdapiApplication          : No active profile set, falling back to default profiles: default
2020-04-13 19:09:28.502  INFO 9844 --- [restartedMain] .e.DevToolsPropertyDefaultsPostProcessor : Devtools property defaults active! Set 'spring.devtools.add-properties' to 'false' to disable
2020-04-13 19:09:28.502  INFO 9844 --- [restartedMain] .e.DevToolsPropertyDefaultsPostProcessor : For additional web related logging consider setting the 'logging.level.web' property to 'DEBUG'
2020-04-13 19:09:32.684  INFO 9844 --- [restartedMain] o.s.b.w.embedded.tomcat.TomcatWebServer  : Tomcat initialized with port(s): 8080 (http)
2020-04-13 19:09:32.710  INFO 9844 --- [restartedMain] o.apache.catalina.core.StandardService   : Starting service [Tomcat]
2020-04-13 19:09:32.711  INFO 9844 --- [restartedMain] org.apache.catalina.core.StandardEngine  : Starting Servlet engine: [Apache Tomcat/9.0.31]
2020-04-13 19:09:33.591  INFO 9844 --- [restartedMain] o.a.c.c.C.[Tomcat].[localhost].[/]       : Initializing Spring embedded WebApplicationContext
2020-04-13 19:09:33.592  INFO 9844 --- [restartedMain] o.s.web.context.ContextLoader            : Root WebApplicationContext: initialization completed in 5090 ms
2020-04-13 19:09:34.617  INFO 9844 --- [restartedMain] o.s.b.a.e.web.EndpointLinksResolver      : Exposing 2 endpoint(s) beneath base path '/actuator'
2020-04-13 19:09:34.704  INFO 9844 --- [restartedMain] pertySourcedRequestMappingHandlerMapping : Mapped URL path [/v2/api-docs] onto method [springfox.documentation.swagger2.web.Swagger2Controller#getDocumentation(String, HttpServletRequest)]
2020-04-13 19:09:34.789  INFO 9844 --- [restartedMain] o.s.s.concurrent.ThreadPoolTaskExecutor  : Initializing ExecutorService 'applicationTaskExecutor'
2020-04-13 19:09:34.966  INFO 9844 --- [restartedMain] o.s.b.d.a.OptionalLiveReloadServer       : LiveReload server is running on port 35729
2020-04-13 19:09:35.436  INFO 9844 --- [restartedMain] d.s.w.p.DocumentationPluginsBootstrapper : Context refreshed
2020-04-13 19:09:35.481  INFO 9844 --- [restartedMain] d.s.w.p.DocumentationPluginsBootstrapper : Found 1 custom documentation plugin(s)
2020-04-13 19:09:35.544  INFO 9844 --- [restartedMain] s.d.s.w.s.ApiListingReferenceScanner     : Scanning for api listing references
2020-04-13 19:09:35.831  INFO 9844 --- [restartedMain] o.s.b.w.embedded.tomcat.TomcatWebServer  : Tomcat started on port(s): 8080 (http) with context path ''
2020-04-13 19:09:35.836  INFO 9844 --- [restartedMain] com.task.odapi.OdapiApplication          : Started OdapiApplication in 8.255 seconds (JVM running for 10.786)
2020-04-13 19:09:36.417  INFO 9844 --- [RMI TCP Connection(1)-192.168.0.103] o.a.c.c.C.[Tomcat].[localhost].[/]       : Initializing Spring DispatcherServlet 'dispatcherServlet'
2020-04-13 19:09:36.418  INFO 9844 --- [RMI TCP Connection(1)-192.168.0.103] o.s.web.servlet.DispatcherServlet        : Initializing Servlet 'dispatcherServlet'
2020-04-13 19:09:36.433  INFO 9844 --- [RMI TCP Connection(1)-192.168.0.103] o.s.web.servlet.DispatcherServlet        : Completed initialization in 15 ms
2020-04-13 19:11:01.995  INFO 3680 --- [restartedMain] com.task.odapi.OdapiApplication          : Starting OdapiApplication on ATMECSINLT-305 with PID 3680 (D:\odapi\build\classes\java\main started by geetanjali.rao in D:\odapi)
2020-04-13 19:11:02.003  INFO 3680 --- [restartedMain] com.task.odapi.OdapiApplication          : No active profile set, falling back to default profiles: default
2020-04-13 19:11:02.099  INFO 3680 --- [restartedMain] .e.DevToolsPropertyDefaultsPostProcessor : Devtools property defaults active! Set 'spring.devtools.add-properties' to 'false' to disable
2020-04-13 19:11:02.099  INFO 3680 --- [restartedMain] .e.DevToolsPropertyDefaultsPostProcessor : For additional web related logging consider setting the 'logging.level.web' property to 'DEBUG'
2020-04-13 19:11:04.779  INFO 3680 --- [restartedMain] o.s.b.w.embedded.tomcat.TomcatWebServer  : Tomcat initialized with port(s): 8080 (http)
2020-04-13 19:11:04.793  INFO 3680 --- [restartedMain] o.apache.catalina.core.StandardService   : Starting service [Tomcat]
2020-04-13 19:11:04.793  INFO 3680 --- [restartedMain] org.apache.catalina.core.StandardEngine  : Starting Servlet engine: [Apache Tomcat/9.0.31]
2020-04-13 19:11:04.922  INFO 3680 --- [restartedMain] o.a.c.c.C.[Tomcat].[localhost].[/]       : Initializing Spring embedded WebApplicationContext
2020-04-13 19:11:04.923  INFO 3680 --- [restartedMain] o.s.web.context.ContextLoader            : Root WebApplicationContext: initialization completed in 2824 ms
2020-04-13 19:11:05.624  INFO 3680 --- [restartedMain] o.s.b.a.e.web.EndpointLinksResolver      : Exposing 2 endpoint(s) beneath base path '/actuator'
2020-04-13 19:11:05.703  INFO 3680 --- [restartedMain] pertySourcedRequestMappingHandlerMapping : Mapped URL path [/v2/api-docs] onto method [springfox.documentation.swagger2.web.Swagger2Controller#getDocumentation(String, HttpServletRequest)]
2020-04-13 19:11:05.781  INFO 3680 --- [restartedMain] o.s.s.concurrent.ThreadPoolTaskExecutor  : Initializing ExecutorService 'applicationTaskExecutor'
2020-04-13 19:11:05.840  INFO 3680 --- [restartedMain] o.s.b.d.a.OptionalLiveReloadServer       : LiveReload server is running on port 35729
2020-04-13 19:11:06.191  INFO 3680 --- [restartedMain] d.s.w.p.DocumentationPluginsBootstrapper : Context refreshed
2020-04-13 19:11:06.219  INFO 3680 --- [restartedMain] d.s.w.p.DocumentationPluginsBootstrapper : Found 1 custom documentation plugin(s)
2020-04-13 19:11:06.269  INFO 3680 --- [restartedMain] s.d.s.w.s.ApiListingReferenceScanner     : Scanning for api listing references
2020-04-13 19:11:06.484  INFO 3680 --- [restartedMain] o.s.b.w.embedded.tomcat.TomcatWebServer  : Tomcat started on port(s): 8080 (http) with context path ''
2020-04-13 19:11:06.487  INFO 3680 --- [restartedMain] com.task.odapi.OdapiApplication          : Started OdapiApplication in 4.997 seconds (JVM running for 6.566)
2020-04-13 19:11:06.678  INFO 3680 --- [RMI TCP Connection(1)-192.168.0.103] o.a.c.c.C.[Tomcat].[localhost].[/]       : Initializing Spring DispatcherServlet 'dispatcherServlet'
2020-04-13 19:11:06.678  INFO 3680 --- [RMI TCP Connection(1)-192.168.0.103] o.s.web.servlet.DispatcherServlet        : Initializing Servlet 'dispatcherServlet'
2020-04-13 19:11:06.689  INFO 3680 --- [RMI TCP Connection(1)-192.168.0.103] o.s.web.servlet.DispatcherServlet        : Completed initialization in 11 ms
2020-04-13 20:58:05.579  INFO 16792 --- [Test worker] com.task.odapi.OdapiApplicationTests     : Starting OdapiApplicationTests on ATMECSINLT-305 with PID 16792 (started by geetanjali.rao in D:\odapi)
2020-04-13 20:58:05.610  INFO 16792 --- [Test worker] com.task.odapi.OdapiApplicationTests     : No active profile set, falling back to default profiles: default
2020-04-13 20:58:10.345  INFO 16792 --- [Test worker] o.s.b.a.e.web.EndpointLinksResolver      : Exposing 2 endpoint(s) beneath base path '/actuator'
2020-04-13 20:58:10.724  INFO 16792 --- [Test worker] pertySourcedRequestMappingHandlerMapping : Mapped URL path [/v2/api-docs] onto method [springfox.documentation.swagger2.web.Swagger2Controller#getDocumentation(String, HttpServletRequest)]
2020-04-13 20:58:11.306  INFO 16792 --- [Test worker] o.s.s.concurrent.ThreadPoolTaskExecutor  : Initializing ExecutorService 'applicationTaskExecutor'
2020-04-13 20:58:11.933  INFO 16792 --- [Test worker] d.s.w.p.DocumentationPluginsBootstrapper : Context refreshed
2020-04-13 20:58:11.984  INFO 16792 --- [Test worker] d.s.w.p.DocumentationPluginsBootstrapper : Found 1 custom documentation plugin(s)
2020-04-13 20:58:12.050  INFO 16792 --- [Test worker] s.d.s.w.s.ApiListingReferenceScanner     : Scanning for api listing references
2020-04-13 20:58:12.474  INFO 16792 --- [Test worker] com.task.odapi.OdapiApplicationTests     : Started OdapiApplicationTests in 7.564 seconds (JVM running for 10.896)
2020-04-13 20:58:13.131  INFO 16792 --- [SpringContextShutdownHook] o.s.s.concurrent.ThreadPoolTaskExecutor  : Shutting down ExecutorService 'applicationTaskExecutor'
2020-04-13 20:58:37.823  INFO 7340 --- [restartedMain] com.task.odapi.OdapiApplication          : Starting OdapiApplication on ATMECSINLT-305 with PID 7340 (D:\odapi\build\classes\java\main started by geetanjali.rao in D:\odapi)
2020-04-13 20:58:37.828  INFO 7340 --- [restartedMain] com.task.odapi.OdapiApplication          : No active profile set, falling back to default profiles: default
2020-04-13 20:58:37.913  INFO 7340 --- [restartedMain] .e.DevToolsPropertyDefaultsPostProcessor : Devtools property defaults active! Set 'spring.devtools.add-properties' to 'false' to disable
2020-04-13 20:58:37.913  INFO 7340 --- [restartedMain] .e.DevToolsPropertyDefaultsPostProcessor : For additional web related logging consider setting the 'logging.level.web' property to 'DEBUG'
2020-04-13 20:58:40.245  INFO 7340 --- [restartedMain] o.s.b.w.embedded.tomcat.TomcatWebServer  : Tomcat initialized with port(s): 8080 (http)
2020-04-13 20:58:40.258  INFO 7340 --- [restartedMain] o.apache.catalina.core.StandardService   : Starting service [Tomcat]
2020-04-13 20:58:40.258  INFO 7340 --- [restartedMain] org.apache.catalina.core.StandardEngine  : Starting Servlet engine: [Apache Tomcat/9.0.31]
2020-04-13 20:58:40.424  INFO 7340 --- [restartedMain] o.a.c.c.C.[Tomcat].[localhost].[/]       : Initializing Spring embedded WebApplicationContext
2020-04-13 20:58:40.424  INFO 7340 --- [restartedMain] o.s.web.context.ContextLoader            : Root WebApplicationContext: initialization completed in 2511 ms
2020-04-13 20:58:41.162  INFO 7340 --- [restartedMain] o.s.b.a.e.web.EndpointLinksResolver      : Exposing 2 endpoint(s) beneath base path '/actuator'
2020-04-13 20:58:41.252  INFO 7340 --- [restartedMain] pertySourcedRequestMappingHandlerMapping : Mapped URL path [/v2/api-docs] onto method [springfox.documentation.swagger2.web.Swagger2Controller#getDocumentation(String, HttpServletRequest)]
2020-04-13 20:58:41.335  INFO 7340 --- [restartedMain] o.s.s.concurrent.ThreadPoolTaskExecutor  : Initializing ExecutorService 'applicationTaskExecutor'
2020-04-13 20:58:41.434  INFO 7340 --- [restartedMain] o.s.b.d.a.OptionalLiveReloadServer       : LiveReload server is running on port 35729
2020-04-13 20:58:41.749  INFO 7340 --- [restartedMain] d.s.w.p.DocumentationPluginsBootstrapper : Context refreshed
2020-04-13 20:58:41.770  INFO 7340 --- [restartedMain] d.s.w.p.DocumentationPluginsBootstrapper : Found 1 custom documentation plugin(s)
2020-04-13 20:58:41.800  INFO 7340 --- [restartedMain] s.d.s.w.s.ApiListingReferenceScanner     : Scanning for api listing references
2020-04-13 20:58:41.962  INFO 7340 --- [restartedMain] o.s.b.w.embedded.tomcat.TomcatWebServer  : Tomcat started on port(s): 8080 (http) with context path ''
2020-04-13 20:58:41.962  INFO 7340 --- [restartedMain] com.task.odapi.OdapiApplication          : Started OdapiApplication in 4.966 seconds (JVM running for 7.131)
2020-04-13 20:58:43.339  INFO 7340 --- [RMI TCP Connection(3)-192.168.0.103] o.a.c.c.C.[Tomcat].[localhost].[/]       : Initializing Spring DispatcherServlet 'dispatcherServlet'
2020-04-13 20:58:43.339  INFO 7340 --- [RMI TCP Connection(3)-192.168.0.103] o.s.web.servlet.DispatcherServlet        : Initializing Servlet 'dispatcherServlet'
2020-04-13 20:58:43.349  INFO 7340 --- [RMI TCP Connection(3)-192.168.0.103] o.s.web.servlet.DispatcherServlet        : Completed initialization in 10 ms
